<?xml version="1.0" encoding="UTF-8"?>
<coverage generated="1682006994023" clover="3.2.0">
  <project timestamp="1682006994023" name="All files">
    <metrics statements="111" coveredstatements="100" conditionals="10" coveredconditionals="9" methods="31" coveredmethods="27" elements="152" coveredelements="136" complexity="0" loc="111" ncloc="111" packages="13" files="20" classes="20"/>
    <package name="src">
      <metrics statements="3" coveredstatements="0" conditionals="0" coveredconditionals="0" methods="1" coveredmethods="0"/>
      <file name="App.tsx" path="C:\z_code\sorteio-amigo-secreto\src\App.tsx">
        <metrics statements="2" coveredstatements="0" conditionals="0" coveredconditionals="0" methods="1" coveredmethods="0"/>
        <line num="8" count="0" type="stmt"/>
        <line num="9" count="0" type="stmt"/>
      </file>
      <file name="main.tsx" path="C:\z_code\sorteio-amigo-secreto\src\main.tsx">
        <metrics statements="1" coveredstatements="0" conditionals="0" coveredconditionals="0" methods="0" coveredmethods="0"/>
        <line num="5" count="0" type="stmt"/>
      </file>
    </package>
    <package name="src.components.Cabecalho">
      <metrics statements="5" coveredstatements="0" conditionals="0" coveredconditionals="0" methods="1" coveredmethods="0"/>
      <file name="index.tsx" path="C:\z_code\sorteio-amigo-secreto\src\components\Cabecalho\index.tsx">
        <metrics statements="5" coveredstatements="0" conditionals="0" coveredconditionals="0" methods="1" coveredmethods="0"/>
        <line num="4" count="0" type="stmt"/>
        <line num="16" count="0" type="stmt"/>
        <line num="28" count="0" type="stmt"/>
        <line num="37" count="0" type="stmt"/>
        <line num="38" count="0" type="stmt"/>
      </file>
    </package>
    <package name="src.components.Card">
      <metrics statements="3" coveredstatements="3" conditionals="0" coveredconditionals="0" methods="1" coveredmethods="1"/>
      <file name="index.tsx" path="C:\z_code\sorteio-amigo-secreto\src\components\Card\index.tsx">
        <metrics statements="3" coveredstatements="3" conditionals="0" coveredconditionals="0" methods="1" coveredmethods="1"/>
        <line num="5" count="2" type="stmt"/>
        <line num="26" count="2" type="stmt"/>
        <line num="27" count="9" type="stmt"/>
      </file>
    </package>
    <package name="src.components.Formulario">
      <metrics statements="16" coveredstatements="16" conditionals="2" coveredconditionals="2" methods="4" coveredmethods="4"/>
      <file name="index.tsx" path="C:\z_code\sorteio-amigo-secreto\src\components\Formulario\index.tsx">
        <metrics statements="16" coveredstatements="16" conditionals="2" coveredconditionals="2" methods="4" coveredmethods="4"/>
        <line num="8" count="2" type="stmt"/>
        <line num="104" count="2" type="stmt"/>
        <line num="120" count="2" type="stmt"/>
        <line num="121" count="16" type="stmt"/>
        <line num="122" count="16" type="stmt"/>
        <line num="123" count="16" type="stmt"/>
        <line num="124" count="16" type="stmt"/>
        <line num="126" count="16" type="stmt"/>
        <line num="127" count="5" type="stmt"/>
        <line num="129" count="5" type="stmt"/>
        <line num="130" count="5" type="stmt"/>
        <line num="131" count="5" type="stmt"/>
        <line num="134" count="16" type="stmt"/>
        <line num="135" count="5" type="stmt"/>
        <line num="138" count="16" type="stmt"/>
        <line num="142" count="5" type="stmt"/>
      </file>
    </package>
    <package name="src.components.GlobalStyle">
      <metrics statements="1" coveredstatements="0" conditionals="0" coveredconditionals="0" methods="0" coveredmethods="0"/>
      <file name="index.ts" path="C:\z_code\sorteio-amigo-secreto\src\components\GlobalStyle\index.ts">
        <metrics statements="1" coveredstatements="0" conditionals="0" coveredconditionals="0" methods="0" coveredmethods="0"/>
        <line num="4" count="0" type="stmt"/>
      </file>
    </package>
    <package name="src.components.ListaParticipantes">
      <metrics statements="4" coveredstatements="4" conditionals="0" coveredconditionals="0" methods="2" coveredmethods="2"/>
      <file name="index.tsx" path="C:\z_code\sorteio-amigo-secreto\src\components\ListaParticipantes\index.tsx">
        <metrics statements="4" coveredstatements="4" conditionals="0" coveredconditionals="0" methods="2" coveredmethods="2"/>
        <line num="3" count="2" type="stmt"/>
        <line num="4" count="3" type="stmt"/>
        <line num="5" count="3" type="stmt"/>
        <line num="8" count="2" type="stmt"/>
      </file>
    </package>
    <package name="src.components.Rodape">
      <metrics statements="11" coveredstatements="11" conditionals="0" coveredconditionals="0" methods="3" coveredmethods="3"/>
      <file name="index.tsx" path="C:\z_code\sorteio-amigo-secreto\src\components\Rodape\index.tsx">
        <metrics statements="11" coveredstatements="11" conditionals="0" coveredconditionals="0" methods="3" coveredmethods="3"/>
        <line num="8" count="2" type="stmt"/>
        <line num="22" count="2" type="stmt"/>
        <line num="29" count="2" type="stmt"/>
        <line num="30" count="4" type="stmt"/>
        <line num="31" count="4" type="stmt"/>
        <line num="32" count="4" type="stmt"/>
        <line num="34" count="4" type="stmt"/>
        <line num="35" count="1" type="stmt"/>
        <line num="36" count="1" type="stmt"/>
        <line num="39" count="4" type="stmt"/>
        <line num="43" count="1" type="stmt"/>
      </file>
    </package>
    <package name="src.components.UI.components.StandardButton">
      <metrics statements="1" coveredstatements="1" conditionals="0" coveredconditionals="0" methods="0" coveredmethods="0"/>
      <file name="index.ts" path="C:\z_code\sorteio-amigo-secreto\src\components\UI\components\StandardButton\index.ts">
        <metrics statements="1" coveredstatements="1" conditionals="0" coveredconditionals="0" methods="0" coveredmethods="0"/>
        <line num="5" count="3" type="stmt"/>
      </file>
    </package>
    <package name="src.components.UI.variables">
      <metrics statements="2" coveredstatements="2" conditionals="0" coveredconditionals="0" methods="0" coveredmethods="0"/>
      <file name="index.ts" path="C:\z_code\sorteio-amigo-secreto\src\components\UI\variables\index.ts">
        <metrics statements="2" coveredstatements="2" conditionals="0" coveredconditionals="0" methods="0" coveredmethods="0"/>
        <line num="1" count="4" type="stmt"/>
        <line num="6" count="4" type="stmt"/>
      </file>
    </package>
    <package name="src.pages">
      <metrics statements="23" coveredstatements="23" conditionals="4" coveredconditionals="3" methods="6" coveredmethods="6"/>
      <file name="Configuracao.tsx" path="C:\z_code\sorteio-amigo-secreto\src\pages\Configuracao.tsx">
        <metrics statements="2" coveredstatements="2" conditionals="0" coveredconditionals="0" methods="1" coveredmethods="1"/>
        <line num="6" count="1" type="stmt"/>
        <line num="7" count="1" type="stmt"/>
      </file>
      <file name="Sorteio.tsx" path="C:\z_code\sorteio-amigo-secreto\src\pages\Sorteio.tsx">
        <metrics statements="21" coveredstatements="21" conditionals="4" coveredconditionals="3" methods="5" coveredmethods="5"/>
        <line num="10" count="1" type="stmt"/>
        <line num="16" count="1" type="stmt"/>
        <line num="52" count="1" type="stmt"/>
        <line num="69" count="1" type="stmt"/>
        <line num="93" count="1" type="stmt"/>
        <line num="107" count="1" type="stmt"/>
        <line num="116" count="1" type="stmt"/>
        <line num="122" count="1" type="stmt"/>
        <line num="132" count="1" type="stmt"/>
        <line num="133" count="8" type="stmt"/>
        <line num="134" count="8" type="stmt"/>
        <line num="135" count="8" type="stmt"/>
        <line num="136" count="8" type="stmt"/>
        <line num="138" count="8" type="stmt"/>
        <line num="139" count="2" type="stmt"/>
        <line num="140" count="2" type="cond" truecount="1" falsecount="1"/>
        <line num="141" count="2" type="stmt"/>
        <line num="142" count="2" type="stmt"/>
        <line num="146" count="8" type="stmt"/>
        <line num="156" count="2" type="stmt"/>
        <line num="165" count="24" type="stmt"/>
      </file>
    </package>
    <package name="src.state">
      <metrics statements="3" coveredstatements="3" conditionals="0" coveredconditionals="0" methods="0" coveredmethods="0"/>
      <file name="atom.ts" path="C:\z_code\sorteio-amigo-secreto\src\state\atom.ts">
        <metrics statements="3" coveredstatements="3" conditionals="0" coveredconditionals="0" methods="0" coveredmethods="0"/>
        <line num="3" count="2" type="stmt"/>
        <line num="8" count="2" type="stmt"/>
        <line num="13" count="2" type="stmt"/>
      </file>
    </package>
    <package name="src.state.helpers">
      <metrics statements="13" coveredstatements="13" conditionals="2" coveredconditionals="2" methods="3" coveredmethods="3"/>
      <file name="capitatizar.ts" path="C:\z_code\sorteio-amigo-secreto\src\state\helpers\capitatizar.ts">
        <metrics statements="5" coveredstatements="5" conditionals="0" coveredconditionals="0" methods="2" coveredmethods="2"/>
        <line num="1" count="3" type="stmt"/>
        <line num="2" count="4" type="stmt"/>
        <line num="3" count="4" type="stmt"/>
        <line num="4" count="11" type="stmt"/>
        <line num="7" count="4" type="stmt"/>
      </file>
      <file name="realizarSorteio.ts" path="C:\z_code\sorteio-amigo-secreto\src\state\helpers\realizarSorteio.ts">
        <metrics statements="8" coveredstatements="8" conditionals="2" coveredconditionals="2" methods="1" coveredmethods="1"/>
        <line num="3" count="2" type="stmt"/>
        <line num="4" count="1" type="stmt"/>
        <line num="5" count="1" type="stmt"/>
        <line num="6" count="1" type="stmt"/>
        <line num="8" count="1" type="stmt"/>
        <line num="9" count="6" type="cond" truecount="2" falsecount="0"/>
        <line num="10" count="6" type="stmt"/>
        <line num="13" count="1" type="stmt"/>
      </file>
    </package>
    <package name="src.state.hooks">
      <metrics statements="26" coveredstatements="24" conditionals="2" coveredconditionals="2" methods="10" coveredmethods="8"/>
      <file name="useAdicionarParticipante.ts" path="C:\z_code\sorteio-amigo-secreto\src\state\hooks\useAdicionarParticipante.ts">
        <metrics statements="14" coveredstatements="14" conditionals="2" coveredconditionals="2" methods="5" coveredmethods="5"/>
        <line num="7" count="2" type="stmt"/>
        <line num="8" count="16" type="stmt"/>
        <line num="9" count="16" type="stmt"/>
        <line num="10" count="16" type="stmt"/>
        <line num="12" count="16" type="stmt"/>
        <line num="13" count="5" type="stmt"/>
        <line num="14" count="5" type="stmt"/>
        <line num="16" count="5" type="cond" truecount="2" falsecount="0"/>
        <line num="17" count="2" type="stmt"/>
        <line num="18" count="2" type="stmt"/>
        <line num="19" count="1" type="stmt"/>
        <line num="21" count="2" type="stmt"/>
        <line num="24" count="3" type="stmt"/>
        <line num="26" count="3" type="stmt"/>
      </file>
      <file name="useListaParticipantes.ts" path="C:\z_code\sorteio-amigo-secreto\src\state\hooks\useListaParticipantes.ts">
        <metrics statements="2" coveredstatements="2" conditionals="0" coveredconditionals="0" methods="1" coveredmethods="1"/>
        <line num="4" count="2" type="stmt"/>
        <line num="5" count="19" type="stmt"/>
      </file>
      <file name="useMensagemErro.ts" path="C:\z_code\sorteio-amigo-secreto\src\state\hooks\useMensagemErro.ts">
        <metrics statements="4" coveredstatements="4" conditionals="0" coveredconditionals="0" methods="1" coveredmethods="1"/>
        <line num="4" count="2" type="stmt"/>
        <line num="5" count="32" type="stmt"/>
        <line num="6" count="32" type="stmt"/>
        <line num="8" count="32" type="stmt"/>
      </file>
      <file name="useResultadoSorteio.ts" path="C:\z_code\sorteio-amigo-secreto\src\state\hooks\useResultadoSorteio.ts">
        <metrics statements="2" coveredstatements="0" conditionals="0" coveredconditionals="0" methods="1" coveredmethods="0"/>
        <line num="4" count="0" type="stmt"/>
        <line num="5" count="0" type="stmt"/>
      </file>
      <file name="useSorteador.ts" path="C:\z_code\sorteio-amigo-secreto\src\state\hooks\useSorteador.ts">
        <metrics statements="4" coveredstatements="4" conditionals="0" coveredconditionals="0" methods="2" coveredmethods="1"/>
        <line num="6" count="1" type="stmt"/>
        <line num="7" count="1" type="stmt"/>
        <line num="8" count="1" type="stmt"/>
        <line num="10" count="1" type="stmt"/>
      </file>
    </package>
  </project>
</coverage>
