{"C:\\z_code\\sorteio-amigo-secreto\\src\\App.tsx": {"path":"C:\\z_code\\sorteio-amigo-secreto\\src\\App.tsx","statementMap":{"0":{"start":{"line":8,"column":12},"end":{"line":23,"column":1}},"1":{"start":{"line":9,"column":2},"end":{"line":22,"column":4}}},"fnMap":{"0":{"name":"(anonymous_0)","decl":{"start":{"line":8,"column":12},"end":{"line":8,"column":13}},"loc":{"start":{"line":8,"column":18},"end":{"line":23,"column":1}},"line":8}},"branchMap":{},"s":{"0":0,"1":0},"f":{"0":0},"b":{}}
,"C:\\z_code\\sorteio-amigo-secreto\\src\\main.tsx": {"path":"C:\\z_code\\sorteio-amigo-secreto\\src\\main.tsx","statementMap":{"0":{"start":{"line":5,"column":0},"end":{"line":9,"column":2}}},"fnMap":{},"branchMap":{},"s":{"0":0},"f":{},"b":{}}
,"C:\\z_code\\sorteio-amigo-secreto\\src\\components\\Cabecalho\\index.tsx": {"path":"C:\\z_code\\sorteio-amigo-secreto\\src\\components\\Cabecalho\\index.tsx","statementMap":{"0":{"start":{"line":4,"column":21},"end":{"line":14,"column":1}},"1":{"start":{"line":16,"column":13},"end":{"line":26,"column":1}},"2":{"start":{"line":28,"column":21},"end":{"line":35,"column":1}},"3":{"start":{"line":37,"column":18},"end":{"line":47,"column":1}},"4":{"start":{"line":38,"column":2},"end":{"line":46,"column":4}}},"fnMap":{"0":{"name":"(anonymous_0)","decl":{"start":{"line":37,"column":18},"end":{"line":37,"column":19}},"loc":{"start":{"line":37,"column":24},"end":{"line":47,"column":1}},"line":37}},"branchMap":{},"s":{"0":0,"1":0,"2":0,"3":0,"4":0},"f":{"0":0},"b":{}}
,"C:\\z_code\\sorteio-amigo-secreto\\src\\components\\Card\\index.tsx": {"path":"C:\\z_code\\sorteio-amigo-secreto\\src\\components\\Card\\index.tsx","statementMap":{"0":{"start":{"line":5,"column":19},"end":{"line":24,"column":1}},"1":{"start":{"line":26,"column":48},"end":{"line":28,"column":1}},"2":{"start":{"line":27,"column":2},"end":{"line":27,"column":45}}},"fnMap":{"0":{"name":"(anonymous_0)","decl":{"start":{"line":26,"column":48},"end":{"line":26,"column":49}},"loc":{"start":{"line":26,"column":66},"end":{"line":28,"column":1}},"line":26}},"branchMap":{},"s":{"0":2,"1":2,"2":9},"f":{"0":9},"b":{},"_coverageSchema":"1a1c01bbd47fc00a2c39e90264f33305004495a9","hash":"301eceede682f6836108fc437f9c60b818871e1f"}
,"C:\\z_code\\sorteio-amigo-secreto\\src\\components\\Formulario\\index.tsx": {"path":"C:\\z_code\\sorteio-amigo-secreto\\src\\components\\Formulario\\index.tsx","statementMap":{"0":{"start":{"line":8,"column":24},"end":{"line":102,"column":1}},"1":{"start":{"line":104,"column":19},"end":{"line":118,"column":1}},"2":{"start":{"line":120,"column":19},"end":{"line":155,"column":1}},"3":{"start":{"line":121,"column":50},"end":{"line":121,"column":70}},"4":{"start":{"line":122,"column":20},"end":{"line":122,"column":50}},"5":{"start":{"line":123,"column":27},"end":{"line":123,"column":44}},"6":{"start":{"line":124,"column":27},"end":{"line":124,"column":53}},"7":{"start":{"line":126,"column":32},"end":{"line":132,"column":3}},"8":{"start":{"line":127,"column":4},"end":{"line":127,"column":27}},"9":{"start":{"line":129,"column":4},"end":{"line":129,"column":39}},"10":{"start":{"line":130,"column":4},"end":{"line":130,"column":28}},"11":{"start":{"line":131,"column":4},"end":{"line":131,"column":31}},"12":{"start":{"line":134,"column":2},"end":{"line":136,"column":9}},"13":{"start":{"line":135,"column":4},"end":{"line":135,"column":31}},"14":{"start":{"line":138,"column":2},"end":{"line":154,"column":4}},"15":{"start":{"line":142,"column":25},"end":{"line":142,"column":60}}},"fnMap":{"0":{"name":"(anonymous_0)","decl":{"start":{"line":120,"column":19},"end":{"line":120,"column":20}},"loc":{"start":{"line":120,"column":25},"end":{"line":155,"column":1}},"line":120},"1":{"name":"(anonymous_1)","decl":{"start":{"line":126,"column":32},"end":{"line":126,"column":33}},"loc":{"start":{"line":126,"column":71},"end":{"line":132,"column":3}},"line":126},"2":{"name":"(anonymous_2)","decl":{"start":{"line":134,"column":12},"end":{"line":134,"column":13}},"loc":{"start":{"line":134,"column":18},"end":{"line":136,"column":3}},"line":134},"3":{"name":"(anonymous_3)","decl":{"start":{"line":142,"column":20},"end":{"line":142,"column":21}},"loc":{"start":{"line":142,"column":25},"end":{"line":142,"column":60}},"line":142}},"branchMap":{"0":{"loc":{"start":{"line":152,"column":7},"end":{"line":152,"column":75}},"type":"binary-expr","locations":[{"start":{"line":152,"column":7},"end":{"line":152,"column":19}},{"start":{"line":152,"column":23},"end":{"line":152,"column":75}}],"line":152}},"s":{"0":2,"1":2,"2":2,"3":16,"4":16,"5":16,"6":16,"7":16,"8":5,"9":5,"10":5,"11":5,"12":16,"13":5,"14":16,"15":5},"f":{"0":16,"1":5,"2":5,"3":5},"b":{"0":[16,2]},"_coverageSchema":"1a1c01bbd47fc00a2c39e90264f33305004495a9","hash":"8d0dfb13a436b52f32ba8f9068d54b21179f35b8"}
,"C:\\z_code\\sorteio-amigo-secreto\\src\\components\\GlobalStyle\\index.ts": {"path":"C:\\z_code\\sorteio-amigo-secreto\\src\\components\\GlobalStyle\\index.ts","statementMap":{"0":{"start":{"line":4,"column":20},"end":{"line":78,"column":1}}},"fnMap":{},"branchMap":{},"s":{"0":0},"f":{},"b":{}}
,"C:\\z_code\\sorteio-amigo-secreto\\src\\components\\ListaParticipantes\\index.tsx": {"path":"C:\\z_code\\sorteio-amigo-secreto\\src\\components\\ListaParticipantes\\index.tsx","statementMap":{"0":{"start":{"line":3,"column":27},"end":{"line":12,"column":1}},"1":{"start":{"line":4,"column":29},"end":{"line":4,"column":52}},"2":{"start":{"line":5,"column":2},"end":{"line":11,"column":4}},"3":{"start":{"line":8,"column":8},"end":{"line":8,"column":50}}},"fnMap":{"0":{"name":"(anonymous_0)","decl":{"start":{"line":3,"column":27},"end":{"line":3,"column":28}},"loc":{"start":{"line":3,"column":33},"end":{"line":12,"column":1}},"line":3},"1":{"name":"(anonymous_1)","decl":{"start":{"line":7,"column":30},"end":{"line":7,"column":31}},"loc":{"start":{"line":8,"column":8},"end":{"line":8,"column":50}},"line":8}},"branchMap":{},"s":{"0":2,"1":3,"2":3,"3":2},"f":{"0":3,"1":2},"b":{},"_coverageSchema":"1a1c01bbd47fc00a2c39e90264f33305004495a9","hash":"ca614ce7b50fee9424fdffdb0d29e69b1237e104"}
,"C:\\z_code\\sorteio-amigo-secreto\\src\\components\\Rodape\\index.tsx": {"path":"C:\\z_code\\sorteio-amigo-secreto\\src\\components\\Rodape\\index.tsx","statementMap":{"0":{"start":{"line":8,"column":21},"end":{"line":20,"column":1}},"1":{"start":{"line":22,"column":16},"end":{"line":27,"column":1}},"2":{"start":{"line":29,"column":15},"end":{"line":54,"column":1}},"3":{"start":{"line":30,"column":29},"end":{"line":30,"column":52}},"4":{"start":{"line":31,"column":19},"end":{"line":31,"column":32}},"5":{"start":{"line":32,"column":18},"end":{"line":32,"column":32}},"6":{"start":{"line":34,"column":18},"end":{"line":37,"column":3}},"7":{"start":{"line":35,"column":4},"end":{"line":35,"column":14}},"8":{"start":{"line":36,"column":4},"end":{"line":36,"column":25}},"9":{"start":{"line":39,"column":2},"end":{"line":53,"column":4}},"10":{"start":{"line":43,"column":23},"end":{"line":43,"column":32}}},"fnMap":{"0":{"name":"(anonymous_0)","decl":{"start":{"line":29,"column":15},"end":{"line":29,"column":16}},"loc":{"start":{"line":29,"column":21},"end":{"line":54,"column":1}},"line":29},"1":{"name":"(anonymous_1)","decl":{"start":{"line":34,"column":18},"end":{"line":34,"column":19}},"loc":{"start":{"line":34,"column":24},"end":{"line":37,"column":3}},"line":34},"2":{"name":"(anonymous_2)","decl":{"start":{"line":43,"column":17},"end":{"line":43,"column":18}},"loc":{"start":{"line":43,"column":23},"end":{"line":43,"column":32}},"line":43}},"branchMap":{},"s":{"0":2,"1":2,"2":2,"3":4,"4":4,"5":4,"6":4,"7":1,"8":1,"9":4,"10":1},"f":{"0":4,"1":1,"2":1},"b":{},"_coverageSchema":"1a1c01bbd47fc00a2c39e90264f33305004495a9","hash":"954e47ab190670dcfe6182f52abed89db1e24283"}
,"C:\\z_code\\sorteio-amigo-secreto\\src\\components\\UI\\components\\StandardButton\\index.ts": {"path":"C:\\z_code\\sorteio-amigo-secreto\\src\\components\\UI\\components\\StandardButton\\index.ts","statementMap":{"0":{"start":{"line":5,"column":23},"end":{"line":54,"column":1}}},"fnMap":{},"branchMap":{},"s":{"0":3},"f":{},"b":{},"_coverageSchema":"1a1c01bbd47fc00a2c39e90264f33305004495a9","hash":"4a368efe87183a68e2b1eb8942ee17c6cfc03ef9"}
,"C:\\z_code\\sorteio-amigo-secreto\\src\\components\\UI\\variables\\index.ts": {"path":"C:\\z_code\\sorteio-amigo-secreto\\src\\components\\UI\\variables\\index.ts","statementMap":{"0":{"start":{"line":1,"column":21},"end":{"line":4,"column":1}},"1":{"start":{"line":6,"column":22},"end":{"line":13,"column":1}}},"fnMap":{},"branchMap":{},"s":{"0":4,"1":4},"f":{},"b":{},"_coverageSchema":"1a1c01bbd47fc00a2c39e90264f33305004495a9","hash":"f3b90aa80ff491fa048548dcd2d8914b3c415de5"}
,"C:\\z_code\\sorteio-amigo-secreto\\src\\pages\\Configuracao.tsx": {"path":"C:\\z_code\\sorteio-amigo-secreto\\src\\pages\\Configuracao.tsx","statementMap":{"0":{"start":{"line":6,"column":21},"end":{"line":17,"column":1}},"1":{"start":{"line":7,"column":2},"end":{"line":16,"column":4}}},"fnMap":{"0":{"name":"(anonymous_0)","decl":{"start":{"line":6,"column":21},"end":{"line":6,"column":22}},"loc":{"start":{"line":6,"column":27},"end":{"line":17,"column":1}},"line":6}},"branchMap":{},"s":{"0":1,"1":1},"f":{"0":1},"b":{},"_coverageSchema":"1a1c01bbd47fc00a2c39e90264f33305004495a9","hash":"500842d51d219feecdaa165a62e4e7efb2bb2f01"}
,"C:\\z_code\\sorteio-amigo-secreto\\src\\pages\\Sorteio.tsx": {"path":"C:\\z_code\\sorteio-amigo-secreto\\src\\pages\\Sorteio.tsx","statementMap":{"0":{"start":{"line":10,"column":22},"end":{"line":14,"column":1}},"1":{"start":{"line":16,"column":21},"end":{"line":50,"column":1}},"2":{"start":{"line":52,"column":20},"end":{"line":67,"column":1}},"3":{"start":{"line":69,"column":22},"end":{"line":91,"column":1}},"4":{"start":{"line":93,"column":25},"end":{"line":105,"column":1}},"5":{"start":{"line":107,"column":18},"end":{"line":114,"column":1}},"6":{"start":{"line":116,"column":22},"end":{"line":120,"column":1}},"7":{"start":{"line":122,"column":17},"end":{"line":130,"column":1}},"8":{"start":{"line":132,"column":16},"end":{"line":179,"column":1}},"9":{"start":{"line":133,"column":52},"end":{"line":133,"column":71}},"10":{"start":{"line":134,"column":42},"end":{"line":134,"column":74}},"11":{"start":{"line":135,"column":29},"end":{"line":135,"column":52}},"12":{"start":{"line":136,"column":20},"end":{"line":136,"column":41}},"13":{"start":{"line":138,"column":18},"end":{"line":144,"column":3}},"14":{"start":{"line":139,"column":4},"end":{"line":139,"column":27}},"15":{"start":{"line":140,"column":4},"end":{"line":143,"column":5}},"16":{"start":{"line":141,"column":6},"end":{"line":141,"column":56}},"17":{"start":{"line":142,"column":6},"end":{"line":142,"column":50}},"18":{"start":{"line":142,"column":23},"end":{"line":142,"column":42}},"19":{"start":{"line":146,"column":2},"end":{"line":178,"column":4}},"20":{"start":{"line":156,"column":29},"end":{"line":156,"column":65}},"21":{"start":{"line":165,"column":16},"end":{"line":165,"column":66}}},"fnMap":{"0":{"name":"(anonymous_0)","decl":{"start":{"line":132,"column":16},"end":{"line":132,"column":17}},"loc":{"start":{"line":132,"column":22},"end":{"line":179,"column":1}},"line":132},"1":{"name":"(anonymous_1)","decl":{"start":{"line":138,"column":18},"end":{"line":138,"column":19}},"loc":{"start":{"line":138,"column":63},"end":{"line":144,"column":3}},"line":138},"2":{"name":"(anonymous_2)","decl":{"start":{"line":142,"column":17},"end":{"line":142,"column":18}},"loc":{"start":{"line":142,"column":23},"end":{"line":142,"column":42}},"line":142},"3":{"name":"(anonymous_3)","decl":{"start":{"line":156,"column":24},"end":{"line":156,"column":25}},"loc":{"start":{"line":156,"column":29},"end":{"line":156,"column":65}},"line":156},"4":{"name":"(anonymous_4)","decl":{"start":{"line":164,"column":38},"end":{"line":164,"column":39}},"loc":{"start":{"line":165,"column":16},"end":{"line":165,"column":66}},"line":165}},"branchMap":{"0":{"loc":{"start":{"line":140,"column":4},"end":{"line":143,"column":5}},"type":"if","locations":[{"start":{"line":140,"column":4},"end":{"line":143,"column":5}},{"start":{},"end":{}}],"line":140},"1":{"loc":{"start":{"line":172,"column":27},"end":{"line":172,"column":93}},"type":"binary-expr","locations":[{"start":{"line":172,"column":27},"end":{"line":172,"column":39}},{"start":{"line":172,"column":43},"end":{"line":172,"column":93}}],"line":172}},"s":{"0":1,"1":1,"2":1,"3":1,"4":1,"5":1,"6":1,"7":1,"8":1,"9":8,"10":8,"11":8,"12":8,"13":8,"14":2,"15":2,"16":2,"17":2,"18":1,"19":8,"20":2,"21":24},"f":{"0":8,"1":2,"2":1,"3":2,"4":24},"b":{"0":[2,0],"1":[8,2]},"_coverageSchema":"1a1c01bbd47fc00a2c39e90264f33305004495a9","hash":"403f861aed5aedf2af349956cb1481f8a90e160e"}
,"C:\\z_code\\sorteio-amigo-secreto\\src\\state\\atom.ts": {"path":"C:\\z_code\\sorteio-amigo-secreto\\src\\state\\atom.ts","statementMap":{"0":{"start":{"line":3,"column":39},"end":{"line":6,"column":2}},"1":{"start":{"line":8,"column":25},"end":{"line":11,"column":2}},"2":{"start":{"line":13,"column":37},"end":{"line":16,"column":2}}},"fnMap":{},"branchMap":{},"s":{"0":2,"1":2,"2":2},"f":{},"b":{},"_coverageSchema":"1a1c01bbd47fc00a2c39e90264f33305004495a9","hash":"fb1dfbcfe5086dcb52b287aaa48bf7905caa1754"}
,"C:\\z_code\\sorteio-amigo-secreto\\src\\state\\helpers\\capitatizar.ts": {"path":"C:\\z_code\\sorteio-amigo-secreto\\src\\state\\helpers\\capitatizar.ts","statementMap":{"0":{"start":{"line":1,"column":20},"end":{"line":8,"column":1}},"1":{"start":{"line":2,"column":27},"end":{"line":2,"column":46}},"2":{"start":{"line":3,"column":21},"end":{"line":5,"column":3}},"3":{"start":{"line":4,"column":4},"end":{"line":4,"column":23}},"4":{"start":{"line":7,"column":2},"end":{"line":7,"column":20}}},"fnMap":{"0":{"name":"(anonymous_0)","decl":{"start":{"line":1,"column":20},"end":{"line":1,"column":21}},"loc":{"start":{"line":1,"column":47},"end":{"line":8,"column":1}},"line":1},"1":{"name":"(anonymous_1)","decl":{"start":{"line":3,"column":67},"end":{"line":3,"column":68}},"loc":{"start":{"line":4,"column":4},"end":{"line":4,"column":23}},"line":4}},"branchMap":{},"s":{"0":3,"1":4,"2":4,"3":11,"4":4},"f":{"0":4,"1":11},"b":{},"_coverageSchema":"1a1c01bbd47fc00a2c39e90264f33305004495a9","hash":"5934ab2bc9336606d15e6a49ef6a2dfa8400fb7b"}
,"C:\\z_code\\sorteio-amigo-secreto\\src\\state\\helpers\\realizarSorteio.ts": {"path":"C:\\z_code\\sorteio-amigo-secreto\\src\\state\\helpers\\realizarSorteio.ts","statementMap":{"0":{"start":{"line":3,"column":24},"end":{"line":14,"column":1}},"1":{"start":{"line":4,"column":29},"end":{"line":4,"column":54}},"2":{"start":{"line":5,"column":27},"end":{"line":5,"column":54}},"3":{"start":{"line":6,"column":20},"end":{"line":6,"column":45}},"4":{"start":{"line":8,"column":2},"end":{"line":11,"column":3}},"5":{"start":{"line":8,"column":19},"end":{"line":8,"column":20}},"6":{"start":{"line":9,"column":25},"end":{"line":9,"column":73}},"7":{"start":{"line":10,"column":4},"end":{"line":10,"column":75}},"8":{"start":{"line":13,"column":2},"end":{"line":13,"column":19}}},"fnMap":{"0":{"name":"(anonymous_0)","decl":{"start":{"line":3,"column":24},"end":{"line":3,"column":25}},"loc":{"start":{"line":3,"column":58},"end":{"line":14,"column":1}},"line":3}},"branchMap":{"0":{"loc":{"start":{"line":9,"column":25},"end":{"line":9,"column":73}},"type":"cond-expr","locations":[{"start":{"line":9,"column":60},"end":{"line":9,"column":61}},{"start":{"line":9,"column":64},"end":{"line":9,"column":73}}],"line":9}},"s":{"0":2,"1":1,"2":1,"3":1,"4":1,"5":1,"6":6,"7":6,"8":1},"f":{"0":1},"b":{"0":[1,5]},"_coverageSchema":"1a1c01bbd47fc00a2c39e90264f33305004495a9","hash":"42bc4e495850dfdf9698ac168d9e954d92279f93"}
,"C:\\z_code\\sorteio-amigo-secreto\\src\\state\\hooks\\useAdicionarParticipante.ts": {"path":"C:\\z_code\\sorteio-amigo-secreto\\src\\state\\hooks\\useAdicionarParticipante.ts","statementMap":{"0":{"start":{"line":7,"column":33},"end":{"line":31,"column":1}},"1":{"start":{"line":8,"column":29},"end":{"line":8,"column":52}},"2":{"start":{"line":9,"column":32},"end":{"line":9,"column":74}},"3":{"start":{"line":10,"column":30},"end":{"line":10,"column":47}},"4":{"start":{"line":12,"column":2},"end":{"line":30,"column":4}},"5":{"start":{"line":13,"column":29},"end":{"line":13,"column":79}},"6":{"start":{"line":13,"column":60},"end":{"line":13,"column":78}},"7":{"start":{"line":14,"column":40},"end":{"line":14,"column":70}},"8":{"start":{"line":16,"column":4},"end":{"line":22,"column":5}},"9":{"start":{"line":17,"column":6},"end":{"line":17,"column":62}},"10":{"start":{"line":18,"column":6},"end":{"line":20,"column":15}},"11":{"start":{"line":19,"column":8},"end":{"line":19,"column":28}},"12":{"start":{"line":21,"column":6},"end":{"line":21,"column":13}},"13":{"start":{"line":24,"column":28},"end":{"line":24,"column":57}},"14":{"start":{"line":26,"column":4},"end":{"line":29,"column":7}},"15":{"start":{"line":26,"column":48},"end":{"line":29,"column":5}}},"fnMap":{"0":{"name":"(anonymous_0)","decl":{"start":{"line":7,"column":33},"end":{"line":7,"column":34}},"loc":{"start":{"line":7,"column":39},"end":{"line":31,"column":1}},"line":7},"1":{"name":"(anonymous_1)","decl":{"start":{"line":12,"column":9},"end":{"line":12,"column":10}},"loc":{"start":{"line":12,"column":39},"end":{"line":30,"column":3}},"line":12},"2":{"name":"(anonymous_2)","decl":{"start":{"line":13,"column":52},"end":{"line":13,"column":53}},"loc":{"start":{"line":13,"column":60},"end":{"line":13,"column":78}},"line":13},"3":{"name":"(anonymous_3)","decl":{"start":{"line":18,"column":17},"end":{"line":18,"column":18}},"loc":{"start":{"line":18,"column":23},"end":{"line":20,"column":7}},"line":18},"4":{"name":"(anonymous_4)","decl":{"start":{"line":26,"column":33},"end":{"line":26,"column":34}},"loc":{"start":{"line":26,"column":48},"end":{"line":29,"column":5}},"line":26}},"branchMap":{"0":{"loc":{"start":{"line":16,"column":4},"end":{"line":22,"column":5}},"type":"if","locations":[{"start":{"line":16,"column":4},"end":{"line":22,"column":5}},{"start":{},"end":{}}],"line":16}},"s":{"0":2,"1":16,"2":16,"3":16,"4":16,"5":5,"6":2,"7":5,"8":5,"9":2,"10":2,"11":1,"12":2,"13":3,"14":3,"15":3},"f":{"0":16,"1":5,"2":2,"3":1,"4":3},"b":{"0":[2,3]},"_coverageSchema":"1a1c01bbd47fc00a2c39e90264f33305004495a9","hash":"796d5c851b9430a36cba47a51e6e929f14f801c1"}
,"C:\\z_code\\sorteio-amigo-secreto\\src\\state\\hooks\\useListaParticipantes.ts": {"path":"C:\\z_code\\sorteio-amigo-secreto\\src\\state\\hooks\\useListaParticipantes.ts","statementMap":{"0":{"start":{"line":4,"column":37},"end":{"line":6,"column":1}},"1":{"start":{"line":5,"column":2},"end":{"line":5,"column":49}}},"fnMap":{"0":{"name":"(anonymous_0)","decl":{"start":{"line":4,"column":37},"end":{"line":4,"column":38}},"loc":{"start":{"line":4,"column":43},"end":{"line":6,"column":1}},"line":4}},"branchMap":{},"s":{"0":2,"1":19},"f":{"0":19},"b":{},"_coverageSchema":"1a1c01bbd47fc00a2c39e90264f33305004495a9","hash":"8571e9052831915e1986bc5dfd032862057344f2"}
,"C:\\z_code\\sorteio-amigo-secreto\\src\\state\\hooks\\useMensagemErro.ts": {"path":"C:\\z_code\\sorteio-amigo-secreto\\src\\state\\hooks\\useMensagemErro.ts","statementMap":{"0":{"start":{"line":4,"column":24},"end":{"line":9,"column":1}},"1":{"start":{"line":5,"column":26},"end":{"line":5,"column":62}},"2":{"start":{"line":6,"column":23},"end":{"line":6,"column":48}},"3":{"start":{"line":8,"column":2},"end":{"line":8,"column":43}}},"fnMap":{"0":{"name":"(anonymous_0)","decl":{"start":{"line":4,"column":24},"end":{"line":4,"column":25}},"loc":{"start":{"line":4,"column":30},"end":{"line":9,"column":1}},"line":4}},"branchMap":{},"s":{"0":2,"1":32,"2":32,"3":32},"f":{"0":32},"b":{},"_coverageSchema":"1a1c01bbd47fc00a2c39e90264f33305004495a9","hash":"2ee5fd2f217f8b66790b8be1bab51e88b4f7084f"}
,"C:\\z_code\\sorteio-amigo-secreto\\src\\state\\hooks\\useResultadoSorteio.ts": {"path":"C:\\z_code\\sorteio-amigo-secreto\\src\\state\\hooks\\useResultadoSorteio.ts","statementMap":{"0":{"start":{"line":4,"column":35},"end":{"line":6,"column":1}},"1":{"start":{"line":5,"column":2},"end":{"line":5,"column":47}}},"fnMap":{"0":{"name":"(anonymous_0)","decl":{"start":{"line":4,"column":35},"end":{"line":4,"column":36}},"loc":{"start":{"line":4,"column":41},"end":{"line":6,"column":1}},"line":4}},"branchMap":{},"s":{"0":0,"1":0},"f":{"0":0},"b":{}}
,"C:\\z_code\\sorteio-amigo-secreto\\src\\state\\hooks\\useSorteador.ts": {"path":"C:\\z_code\\sorteio-amigo-secreto\\src\\state\\hooks\\useSorteador.ts","statementMap":{"0":{"start":{"line":6,"column":28},"end":{"line":11,"column":1}},"1":{"start":{"line":7,"column":29},"end":{"line":7,"column":52}},"2":{"start":{"line":8,"column":23},"end":{"line":8,"column":63}},"3":{"start":{"line":10,"column":2},"end":{"line":10,"column":65}},"4":{"start":{"line":10,"column":15},"end":{"line":10,"column":64}}},"fnMap":{"0":{"name":"(anonymous_0)","decl":{"start":{"line":6,"column":28},"end":{"line":6,"column":29}},"loc":{"start":{"line":6,"column":34},"end":{"line":11,"column":1}},"line":6},"1":{"name":"(anonymous_1)","decl":{"start":{"line":10,"column":9},"end":{"line":10,"column":10}},"loc":{"start":{"line":10,"column":15},"end":{"line":10,"column":64}},"line":10}},"branchMap":{},"s":{"0":1,"1":1,"2":1,"3":1,"4":0},"f":{"0":1,"1":0},"b":{},"_coverageSchema":"1a1c01bbd47fc00a2c39e90264f33305004495a9","hash":"4934471af4ecc3241dc9b9ae68f6f400e5020118"}
}
