TN:
SF:src\App.tsx
FN:8,(anonymous_0)
FNF:1
FNH:0
FNDA:0,(anonymous_0)
DA:8,0
DA:9,0
LF:2
LH:0
BRF:0
BRH:0
end_of_record
TN:
SF:src\main.tsx
FNF:0
FNH:0
DA:5,0
LF:1
LH:0
BRF:0
BRH:0
end_of_record
TN:
SF:src\components\Cabecalho\index.tsx
FN:37,(anonymous_0)
FNF:1
FNH:0
FNDA:0,(anonymous_0)
DA:4,0
DA:16,0
DA:28,0
DA:37,0
DA:38,0
LF:5
LH:0
BRF:0
BRH:0
end_of_record
TN:
SF:src\components\Card\index.tsx
FN:26,(anonymous_0)
FNF:1
FNH:1
FNDA:9,(anonymous_0)
DA:5,2
DA:26,2
DA:27,9
LF:3
LH:3
BRF:0
BRH:0
end_of_record
TN:
SF:src\components\Formulario\index.tsx
FN:120,(anonymous_0)
FN:126,(anonymous_1)
FN:134,(anonymous_2)
FN:142,(anonymous_3)
FNF:4
FNH:4
FNDA:16,(anonymous_0)
FNDA:5,(anonymous_1)
FNDA:5,(anonymous_2)
FNDA:5,(anonymous_3)
DA:8,2
DA:104,2
DA:120,2
DA:121,16
DA:122,16
DA:123,16
DA:124,16
DA:126,16
DA:127,5
DA:129,5
DA:130,5
DA:131,5
DA:134,16
DA:135,5
DA:138,16
DA:142,5
LF:16
LH:16
BRDA:152,0,0,16
BRDA:152,0,1,2
BRF:2
BRH:2
end_of_record
TN:
SF:src\components\GlobalStyle\index.ts
FNF:0
FNH:0
DA:4,0
LF:1
LH:0
BRF:0
BRH:0
end_of_record
TN:
SF:src\components\ListaParticipantes\index.tsx
FN:3,(anonymous_0)
FN:7,(anonymous_1)
FNF:2
FNH:2
FNDA:3,(anonymous_0)
FNDA:2,(anonymous_1)
DA:3,2
DA:4,3
DA:5,3
DA:8,2
LF:4
LH:4
BRF:0
BRH:0
end_of_record
TN:
SF:src\components\Rodape\index.tsx
FN:29,(anonymous_0)
FN:34,(anonymous_1)
FN:43,(anonymous_2)
FNF:3
FNH:3
FNDA:4,(anonymous_0)
FNDA:1,(anonymous_1)
FNDA:1,(anonymous_2)
DA:8,2
DA:22,2
DA:29,2
DA:30,4
DA:31,4
DA:32,4
DA:34,4
DA:35,1
DA:36,1
DA:39,4
DA:43,1
LF:11
LH:11
BRF:0
BRH:0
end_of_record
TN:
SF:src\components\UI\components\StandardButton\index.ts
FNF:0
FNH:0
DA:5,3
LF:1
LH:1
BRF:0
BRH:0
end_of_record
TN:
SF:src\components\UI\variables\index.ts
FNF:0
FNH:0
DA:1,4
DA:6,4
LF:2
LH:2
BRF:0
BRH:0
end_of_record
TN:
SF:src\pages\Configuracao.tsx
FN:6,(anonymous_0)
FNF:1
FNH:1
FNDA:1,(anonymous_0)
DA:6,1
DA:7,1
LF:2
LH:2
BRF:0
BRH:0
end_of_record
TN:
SF:src\pages\Sorteio.tsx
FN:132,(anonymous_0)
FN:138,(anonymous_1)
FN:142,(anonymous_2)
FN:156,(anonymous_3)
FN:164,(anonymous_4)
FNF:5
FNH:5
FNDA:8,(anonymous_0)
FNDA:2,(anonymous_1)
FNDA:1,(anonymous_2)
FNDA:2,(anonymous_3)
FNDA:24,(anonymous_4)
DA:10,1
DA:16,1
DA:52,1
DA:69,1
DA:93,1
DA:107,1
DA:116,1
DA:122,1
DA:132,1
DA:133,8
DA:134,8
DA:135,8
DA:136,8
DA:138,8
DA:139,2
DA:140,2
DA:141,2
DA:142,2
DA:146,8
DA:156,2
DA:165,24
LF:21
LH:21
BRDA:140,0,0,2
BRDA:140,0,1,0
BRDA:172,1,0,8
BRDA:172,1,1,2
BRF:4
BRH:3
end_of_record
TN:
SF:src\state\atom.ts
FNF:0
FNH:0
DA:3,2
DA:8,2
DA:13,2
LF:3
LH:3
BRF:0
BRH:0
end_of_record
TN:
SF:src\state\helpers\capitatizar.ts
FN:1,(anonymous_0)
FN:3,(anonymous_1)
FNF:2
FNH:2
FNDA:4,(anonymous_0)
FNDA:11,(anonymous_1)
DA:1,3
DA:2,4
DA:3,4
DA:4,11
DA:7,4
LF:5
LH:5
BRF:0
BRH:0
end_of_record
TN:
SF:src\state\helpers\realizarSorteio.ts
FN:3,(anonymous_0)
FNF:1
FNH:1
FNDA:1,(anonymous_0)
DA:3,2
DA:4,1
DA:5,1
DA:6,1
DA:8,1
DA:9,6
DA:10,6
DA:13,1
LF:8
LH:8
BRDA:9,0,0,1
BRDA:9,0,1,5
BRF:2
BRH:2
end_of_record
TN:
SF:src\state\hooks\useAdicionarParticipante.ts
FN:7,(anonymous_0)
FN:12,(anonymous_1)
FN:13,(anonymous_2)
FN:18,(anonymous_3)
FN:26,(anonymous_4)
FNF:5
FNH:5
FNDA:16,(anonymous_0)
FNDA:5,(anonymous_1)
FNDA:2,(anonymous_2)
FNDA:1,(anonymous_3)
FNDA:3,(anonymous_4)
DA:7,2
DA:8,16
DA:9,16
DA:10,16
DA:12,16
DA:13,5
DA:14,5
DA:16,5
DA:17,2
DA:18,2
DA:19,1
DA:21,2
DA:24,3
DA:26,3
LF:14
LH:14
BRDA:16,0,0,2
BRDA:16,0,1,3
BRF:2
BRH:2
end_of_record
TN:
SF:src\state\hooks\useListaParticipantes.ts
FN:4,(anonymous_0)
FNF:1
FNH:1
FNDA:19,(anonymous_0)
DA:4,2
DA:5,19
LF:2
LH:2
BRF:0
BRH:0
end_of_record
TN:
SF:src\state\hooks\useMensagemErro.ts
FN:4,(anonymous_0)
FNF:1
FNH:1
FNDA:32,(anonymous_0)
DA:4,2
DA:5,32
DA:6,32
DA:8,32
LF:4
LH:4
BRF:0
BRH:0
end_of_record
TN:
SF:src\state\hooks\useResultadoSorteio.ts
FN:4,(anonymous_0)
FNF:1
FNH:0
FNDA:0,(anonymous_0)
DA:4,0
DA:5,0
LF:2
LH:0
BRF:0
BRH:0
end_of_record
TN:
SF:src\state\hooks\useSorteador.ts
FN:6,(anonymous_0)
FN:10,(anonymous_1)
FNF:2
FNH:1
FNDA:1,(anonymous_0)
FNDA:0,(anonymous_1)
DA:6,1
DA:7,1
DA:8,1
DA:10,1
LF:4
LH:4
BRF:0
BRH:0
end_of_record
